<?xml version="1.0" encoding="UTF-8"?>
<!-- Generated by org.testng.reporters.JUnitReportReporter -->
<testsuite hostname="karthik" failures="0" tests="1" name="cucumber.TestNgTestRunner" time="14.866" errors="0" timestamp="2024-04-01T20:07:57 IST" skipped="0">
  <testcase classname="cucumber.TestNgTestRunner" name="runScenario" time="14.866"/>
  <system-out/>
</testsuite> <!-- cucumber.TestNgTestRunner -->
