<?xml version="1.0" encoding="UTF-8"?>
<!-- Generated by org.testng.reporters.JUnitReportReporter -->
<testsuite hostname="karthik" failures="0" tests="3" name="rahulshettyacademy.tests.alone2" time="32.182" errors="0" timestamp="2024-03-25T18:30:27 IST" skipped="0">
  <testcase classname="rahulshettyacademy.tests.alone2" name="OrderHistoryTest" time="3.216"/>
  <system-out/>
  <testcase classname="rahulshettyacademy.tests.alone2" name="alone2" time="13.205"/>
  <system-out/>
  <testcase classname="rahulshettyacademy.tests.alone2" name="alone2" time="15.761"/>
  <system-out/>
</testsuite> <!-- rahulshettyacademy.tests.alone2 -->
