<?xml version="1.0" encoding="UTF-8"?>
<!-- Generated by org.testng.reporters.JUnitReportReporter -->
<testsuite hostname="karthik" failures="0" tests="2" name="rahulshettyacademy.tests.ErrorValidations" time="18.186" errors="0" timestamp="2024-03-27T14:10:56 IST" skipped="0">
  <testcase classname="rahulshettyacademy.tests.ErrorValidations" name="LoginErrorValidations" time="3.571"/>
  <testcase classname="rahulshettyacademy.tests.ErrorValidations" name="ProductErrorValidation" time="14.615"/>
</testsuite> <!-- rahulshettyacademy.tests.ErrorValidations -->
