<?xml version="1.0" encoding="UTF-8"?>
<!-- Generated by org.testng.reporters.JUnitReportReporter -->
<testsuite hostname="karthik" failures="0" tests="3" name="rahulshettyacademy.tests.alone2" time="35.208" errors="0" timestamp="2024-03-27T14:10:56 IST" skipped="0">
  <testcase classname="rahulshettyacademy.tests.alone2" name="alone2" time="15.423"/>
  <testcase classname="rahulshettyacademy.tests.alone2" name="alone2" time="16.253"/>
  <testcase classname="rahulshettyacademy.tests.alone2" name="OrderHistoryTest" time="3.532"/>
</testsuite> <!-- rahulshettyacademy.tests.alone2 -->
